2020-06-02 22:14:55 INFO  BaseFram:54 - Start a single test...
2020-06-02 22:15:03 INFO  HomePage:20 - this is homepage
2020-06-02 22:15:03 INFO  HomePage:32 - the title of th epage is Welcome: Mercury Tours
2020-06-02 22:15:03 INFO  BaseFram:69 - End a single test...
2020-06-15 14:49:50 INFO  BaseFram:54 - Start a single test...
2020-06-15 14:50:12 INFO  HomePage:20 - this is homepage
2020-06-15 14:50:12 INFO  HomePage:76 - the title of th epage is Welcome: Mercury Tours
2020-06-15 14:50:12 INFO  BaseFram:69 - End a single test...
2020-06-15 14:51:11 INFO  BaseFram:54 - Start a single test...
2020-06-15 14:51:21 INFO  HomePage:20 - this is homepage
2020-06-15 14:51:21 INFO  HomePage:76 - the title of th epage is Welcome: Mercury Tours
2020-06-15 14:51:21 INFO  BaseFram:69 - End a single test...
2020-06-15 14:52:19 INFO  BaseFram:54 - Start a single test...
2020-06-15 14:52:27 INFO  HomePage:20 - this is homepage
2020-06-15 14:52:30 INFO  HomePage:76 - the title of th epage is Register: Mercury Tours
2020-06-15 14:52:36 INFO  BaseFram:69 - End a single test...
2020-06-15 16:02:37 INFO  BaseFram:54 - Start a single test...
2020-06-15 16:02:45 INFO  HomePage:20 - this is homepage
2020-06-15 16:02:48 INFO  HomePage:76 - the title of th epage is Register: Mercury Tours
2020-06-15 16:03:21 INFO  BaseFram:69 - End a single test...
2020-06-15 16:04:02 INFO  BaseFram:54 - Start a single test...
2020-06-15 16:04:09 INFO  HomePage:20 - this is homepage
2020-06-15 16:04:12 INFO  HomePage:76 - the title of th epage is Register: Mercury Tours
2020-06-15 16:04:45 INFO  BaseFram:69 - End a single test...
2020-06-15 16:07:06 INFO  BaseFram:54 - Start a single test...
2020-06-15 16:07:13 INFO  HomePage:20 - this is homepage
2020-06-15 16:07:16 INFO  HomePage:76 - the title of th epage is Register: Mercury Tours
2020-06-15 16:07:49 INFO  BaseFram:69 - End a single test...
2020-06-15 16:14:38 INFO  BaseFram:54 - Start a single test...
2020-06-15 16:14:45 INFO  HomePage:20 - this is homepage
2020-06-15 16:14:50 INFO  HomePage:76 - the title of th epage is Register: Mercury Tours
2020-06-15 16:15:23 INFO  BaseFram:69 - End a single test...
2020-06-15 16:16:30 INFO  BaseFram:54 - Start a single test...
2020-06-15 16:16:37 INFO  HomePage:20 - this is homepage
2020-06-15 16:16:40 INFO  HomePage:76 - the title of th epage is Register: Mercury Tours
2020-06-15 16:17:13 INFO  BaseFram:69 - End a single test...
2020-06-15 16:18:47 INFO  BaseFram:54 - Start a single test...
2020-06-15 16:18:54 INFO  HomePage:20 - this is homepage
2020-06-15 16:18:57 INFO  HomePage:76 - the title of th epage is Register: Mercury Tours
2020-06-15 16:19:18 INFO  BaseFram:69 - End a single test...
2020-06-15 16:21:08 INFO  BaseFram:54 - Start a single test...
2020-06-15 16:21:16 INFO  HomePage:20 - this is homepage
2020-06-15 16:21:19 INFO  HomePage:76 - the title of th epage is Register: Mercury Tours
2020-06-15 16:21:23 INFO  BaseFram:69 - End a single test...
2020-06-16 20:16:21 INFO  BaseFram:54 - Start a single test...
2020-06-16 20:16:32 INFO  HomePage:20 - this is homepage
2020-06-16 20:16:38 INFO  HomePage:76 - the title of th epage is Register: Mercury Tours
2020-06-16 20:17:26 INFO  BaseFram:69 - End a single test...
2020-06-17 13:21:54 INFO  BaseFram:54 - Start a single test...
2020-06-17 13:22:03 INFO  HomePage:20 - this is homepage
2020-06-17 13:22:08 INFO  HomePage:76 - the title of th epage is Register: Mercury Tours
2020-06-17 13:22:46 INFO  BaseFram:69 - End a single test...
2020-06-17 16:07:42 INFO  BaseFram:54 - Start a single test...
2020-06-17 16:07:52 INFO  HomePage:20 - this is homepage
2020-06-17 16:07:58 INFO  HomePage:76 - the title of th epage is Register: Mercury Tours
2020-06-17 16:08:36 INFO  BaseFram:69 - End a single test...
2020-06-17 18:28:47 INFO  BaseFram:54 - Start a single test...
2020-06-17 18:28:56 INFO  HomePage:20 - this is homepage
2020-06-17 18:29:03 INFO  HomePage:76 - the title of th epage is Register: Mercury Tours
2020-06-17 18:29:41 INFO  BaseFram:69 - End a single test...
2020-06-17 18:34:13 INFO  BaseFram:54 - Start a single test...
2020-06-17 18:34:21 INFO  HomePage:20 - this is homepage
2020-06-17 18:34:27 INFO  HomePage:76 - the title of th epage is Register: Mercury Tours
2020-06-17 18:35:06 INFO  BaseFram:69 - End a single test...
2020-06-17 18:40:26 INFO  BaseFram:54 - Start a single test...
2020-06-17 18:40:36 INFO  HomePage:20 - this is homepage
2020-06-17 18:40:42 INFO  HomePage:76 - the title of th epage is Register: Mercury Tours
2020-06-17 18:41:21 INFO  BaseFram:69 - End a single test...
2020-06-17 19:10:18 INFO  BaseFram:54 - Start a single test...
2020-06-17 19:10:28 INFO  HomePage:20 - this is homepage
2020-06-17 19:10:34 INFO  HomePage:76 - the title of th epage is Register: Mercury Tours
2020-06-17 19:10:58 INFO  BaseFram:69 - End a single test...
2020-06-17 20:03:35 INFO  BaseFram:54 - Start a single test...
2020-06-17 20:03:44 INFO  HomePage:20 - this is homepage
2020-06-17 20:03:44 INFO  HomePage:76 - the title of th epage is Welcome: Mercury Tours
2020-06-17 20:03:44 INFO  BaseFram:69 - End a single test...
2020-06-17 20:10:55 INFO  BaseFram:54 - Start a single test...
2020-06-17 20:11:03 INFO  HomePage:20 - this is homepage
2020-06-17 20:11:03 INFO  HomePage:76 - the title of th epage is Welcome: Mercury Tours
2020-06-17 20:11:03 INFO  BaseFram:69 - End a single test...
2020-06-17 20:12:44 INFO  BaseFram:54 - Start a single test...
2020-06-17 20:12:53 INFO  HomePage:20 - this is homepage
2020-06-17 20:12:53 INFO  HomePage:76 - the title of th epage is Welcome: Mercury Tours
2020-06-17 20:12:57 INFO  BaseFram:69 - End a single test...
2020-06-17 21:39:55 INFO  BaseFram:54 - Start a single test...
2020-06-17 21:40:03 INFO  HomePage:20 - this is homepage
2020-06-17 21:40:03 INFO  HomePage:76 - the title of th epage is Welcome: Mercury Tours
2020-06-17 21:40:07 INFO  BaseFram:69 - End a single test...
2020-06-17 22:34:44 INFO  BaseFram:54 - Start a single test...
2020-06-17 22:34:53 INFO  HomePage:20 - this is homepage
2020-06-17 22:34:53 INFO  HomePage:76 - the title of th epage is Welcome: Mercury Tours
2020-06-17 22:35:05 INFO  BaseFram:69 - End a single test...
2020-06-25 22:19:06 INFO  BaseFram:54 - Start a single test...
2020-06-25 22:19:18 INFO  HomePage:20 - this is homepage
2020-06-25 22:19:19 INFO  HomePage:19 - the title of th epage is Under Construction: Mercury Tours
2020-06-25 22:19:19 INFO  BaseFram:69 - End a single test...
2020-07-01 22:40:15 INFO  BaseFram:54 - Start a single test...
2020-07-01 22:40:26 INFO  HomePage:20 - this is homepage
2020-07-01 22:40:26 INFO  HomePage:80 - the title of th epage is Under Construction: Mercury Tours
2020-07-01 22:40:26 INFO  BaseFram:69 - End a single test...
2020-07-02 18:31:13 INFO  BaseFram:54 - Start a single test...
2020-07-02 18:31:21 INFO  HomePage:20 - this is homepage
2020-07-02 18:31:21 INFO  HomePage:53 - the title of th epage is Welcome: Mercury Tours
2020-07-02 18:31:21 INFO  BaseFram:69 - End a single test...
2020-07-06 21:18:32 INFO  BaseFram:54 - Start a single test...
2020-07-06 21:18:41 INFO  HomePage:20 - this is homepage
2020-07-06 21:18:41 INFO  HomePage:53 - the title of th epage is Welcome: Mercury Tours
2020-07-06 21:18:41 INFO  BaseFram:69 - End a single test...
2020-07-06 21:19:59 INFO  BaseFram:54 - Start a single test...
2020-07-06 21:20:07 INFO  HomePage:20 - this is homepage
2020-07-06 21:20:07 INFO  HomePage:53 - the title of th epage is Welcome: Mercury Tours
2020-07-06 21:20:07 INFO  BaseFram:69 - End a single test...
2020-07-06 21:21:13 INFO  BaseFram:54 - Start a single test...
2020-07-06 21:21:20 INFO  HomePage:20 - this is homepage
2020-07-06 21:21:21 INFO  HomePage:54 - the title of th epage is Welcome: Mercury Tours
2020-07-06 21:21:21 INFO  BaseFram:69 - End a single test...
2020-07-06 21:23:03 INFO  BaseFram:54 - Start a single test...
2020-07-06 21:23:11 INFO  HomePage:20 - this is homepage
2020-07-06 21:23:11 INFO  HomePage:54 - the title of th epage is Welcome: Mercury Tours
2020-07-06 21:23:11 INFO  BaseFram:69 - End a single test...
2020-07-06 21:23:53 INFO  BaseFram:54 - Start a single test...
2020-07-06 21:24:00 INFO  HomePage:20 - this is homepage
2020-07-06 21:24:03 INFO  HomePage:54 - the title of th epage is 404 Not Found
2020-07-06 21:24:03 INFO  BaseFram:69 - End a single test...
2020-07-06 22:37:53 INFO  BaseFram:54 - Start a single test...
2020-07-06 22:38:03 INFO  HomePage:20 - this is homepage
2020-07-06 22:38:34 INFO  BaseFram:69 - End a single test...
2020-07-06 22:39:23 INFO  BaseFram:54 - Start a single test...
2020-07-06 22:39:33 INFO  HomePage:20 - this is homepage
2020-07-06 22:40:02 INFO  BaseFram:69 - End a single test...
2020-07-06 22:48:04 INFO  BaseFram:54 - Start a single test...
2020-07-06 22:48:14 INFO  HomePage:20 - this is homepage
2020-07-06 22:48:49 INFO  BaseFram:69 - End a single test...
2020-07-06 22:50:02 INFO  BaseFram:54 - Start a single test...
2020-07-06 22:50:12 INFO  HomePage:20 - this is homepage
2020-07-06 22:51:50 INFO  BaseFram:54 - Start a single test...
2020-07-06 22:51:59 INFO  HomePage:20 - this is homepage
2020-07-06 22:52:30 INFO  BaseFram:69 - End a single test...
2020-07-06 22:55:17 INFO  BaseFram:54 - Start a single test...
2020-07-06 22:55:27 INFO  HomePage:20 - this is homepage
2020-07-06 22:55:27 INFO  HomePage:76 - the title of th epage is Welcome: Mercury Tours
2020-07-06 22:56:01 INFO  BaseFram:69 - End a single test...
2020-07-06 22:56:06 INFO  BaseFram:54 - Start a single test...
2020-07-06 22:56:13 INFO  HomePage:20 - this is homepage
2020-07-06 22:56:43 INFO  BaseFram:69 - End a single test...
